<?xml version="1.0" encoding="UTF-8"?>
<!-- Generated by org.testng.reporters.JUnitReportReporter -->
<testsuite hostname="USOVE1WLY40786" failures="0" tests="1" name="com.oce.nuxeo.regression.MycontactformFileUpload" time="32.095" errors="0" timestamp="05 Oct 2021 23:01:34 GMT" skipped="0">
  <testcase classname="com.oce.nuxeo.regression.MycontactformFileUpload" name="testt" time="32.095"/>
</testsuite> <!-- com.oce.nuxeo.regression.MycontactformFileUpload -->
